ERROR	2018-02-11 11:21:09,625	0	com.testcase.TestLogger	[main]	This is Error
FATAL	2018-02-11 11:21:09,629	4	com.testcase.TestLogger	[main]	This is Fatal
DEBUG	2018-02-11 11:21:37,108	0	com.testcase.TestLogger	[main]	This is Debug
INFO	2018-02-11 11:21:37,109	1	com.testcase.TestLogger	[main]	This is info
WARN	2018-02-11 11:21:37,110	2	com.testcase.TestLogger	[main]	This is warning
ERROR	2018-02-11 11:21:37,110	2	com.testcase.TestLogger	[main]	This is Error
FATAL	2018-02-11 11:21:37,110	2	com.testcase.TestLogger	[main]	This is Fatal
DEBUG	2018-02-11 11:21:56,138	0	com.testcase.TestLogger	[main]	This is Debug
INFO	2018-02-11 11:21:56,140	2	com.testcase.TestLogger	[main]	This is info
WARN	2018-02-11 11:21:56,140	2	com.testcase.TestLogger	[main]	This is warning
ERROR	2018-02-11 11:21:56,141	3	com.testcase.TestLogger	[main]	This is Error
FATAL	2018-02-11 11:21:56,141	3	com.testcase.TestLogger	[main]	This is Fatal
DEBUG	2018-02-11 11:21:59,526	0	com.testcase.TestLogger	[main]	This is Debug
INFO	2018-02-11 11:21:59,528	2	com.testcase.TestLogger	[main]	This is info
WARN	2018-02-11 11:21:59,528	2	com.testcase.TestLogger	[main]	This is warning
ERROR	2018-02-11 11:21:59,529	3	com.testcase.TestLogger	[main]	This is Error
FATAL	2018-02-11 11:21:59,529	3	com.testcase.TestLogger	[main]	This is Fatal
DEBUG	2018-02-11 11:23:20,707	0	com.testcase.TestLogger	[main]	This is Debug
INFO	2018-02-11 11:23:20,708	1	com.testcase.TestLogger	[main]	This is info
WARN	2018-02-11 11:23:20,708	1	com.testcase.TestLogger	[main]	This is warning
ERROR	2018-02-11 11:23:20,709	2	com.testcase.TestLogger	[main]	This is Error
FATAL	2018-02-11 11:23:20,709	2	com.testcase.TestLogger	[main]	This is Fatal
DEBUG	2018-02-11 11:40:20,087	0	com.testcase.TestLogger	[main]	This is Debug
INFO	2018-02-11 11:40:20,089	2	com.testcase.TestLogger	[main]	This is info
WARN	2018-02-11 11:40:20,089	2	com.testcase.TestLogger	[main]	This is warning
ERROR	2018-02-11 11:40:20,089	2	com.testcase.TestLogger	[main]	This is Error
FATAL	2018-02-11 11:40:20,089	2	com.testcase.TestLogger	[main]	This is Fatal
DEBUG	2018-02-11 11:49:38,551	0	com.testcase.TestLogger	[main]	This is Debug
INFO	2018-02-11 11:49:38,552	1	com.testcase.TestLogger	[main]	This is info
WARN	2018-02-11 11:49:38,552	1	com.testcase.TestLogger	[main]	This is warning
ERROR	2018-02-11 11:49:38,552	1	com.testcase.TestLogger	[main]	This is Error
FATAL	2018-02-11 11:49:38,552	1	com.testcase.TestLogger	[main]	This is Fatal
DEBUG	2018-02-11 11:54:31,065	0	com.testcase.TestLogger	[main]	This is Debug
INFO	2018-02-11 11:54:31,067	2	com.testcase.TestLogger	[main]	This is info
WARN	2018-02-11 11:54:31,067	2	com.testcase.TestLogger	[main]	This is warning
ERROR	2018-02-11 11:54:31,067	2	com.testcase.TestLogger	[main]	This is Error
FATAL	2018-02-11 11:54:31,067	2	com.testcase.TestLogger	[main]	This is Fatal
DEBUG	2018-02-11 11:54:35,472	0	com.testcase.TestLogger	[main]	This is Debug
INFO	2018-02-11 11:54:35,474	2	com.testcase.TestLogger	[main]	This is info
WARN	2018-02-11 11:54:35,474	2	com.testcase.TestLogger	[main]	This is warning
ERROR	2018-02-11 11:54:35,474	2	com.testcase.TestLogger	[main]	This is Error
FATAL	2018-02-11 11:54:35,474	2	com.testcase.TestLogger	[main]	This is Fatal
DEBUG	2018-02-11 11:54:57,017	0	com.testcase.TestLogger	[main]	This is Debug
INFO	2018-02-11 11:54:57,018	1	com.testcase.TestLogger	[main]	This is info
WARN	2018-02-11 11:54:57,018	1	com.testcase.TestLogger	[main]	This is warning
ERROR	2018-02-11 11:54:57,018	1	com.testcase.TestLogger	[main]	This is Error
FATAL	2018-02-11 11:54:57,019	2	com.testcase.TestLogger	[main]	This is Fatal
DEBUG	2018-02-11 11:55:26,581	0	com.testcase.TestLogger	[main]	This is Debug
INFO	2018-02-11 11:55:26,582	1	com.testcase.TestLogger	[main]	This is info
WARN	2018-02-11 11:55:26,582	1	com.testcase.TestLogger	[main]	This is warning
ERROR	2018-02-11 11:55:26,582	1	com.testcase.TestLogger	[main]	This is Error
FATAL	2018-02-11 11:55:26,583	2	com.testcase.TestLogger	[main]	This is Fatal
DEBUG	2018-02-11 11:55:30,393	0	com.testcase.TestLogger	[main]	This is Debug
INFO	2018-02-11 11:55:30,394	1	com.testcase.TestLogger	[main]	This is info
WARN	2018-02-11 11:55:30,394	1	com.testcase.TestLogger	[main]	This is warning
ERROR	2018-02-11 11:55:30,394	1	com.testcase.TestLogger	[main]	This is Error
FATAL	2018-02-11 11:55:30,394	1	com.testcase.TestLogger	[main]	This is Fatal
DEBUG	2018-02-11 11:55:52,419	0	com.testcase.TestLogger	[main]	This is Debug
INFO	2018-02-11 11:55:52,420	1	com.testcase.TestLogger	[main]	This is info
WARN	2018-02-11 11:55:52,420	1	com.testcase.TestLogger	[main]	This is warning
ERROR	2018-02-11 11:55:52,420	1	com.testcase.TestLogger	[main]	This is Error
FATAL	2018-02-11 11:55:52,420	1	com.testcase.TestLogger	[main]	This is Fatal
DEBUG	2018-02-11 11:56:00,679	1	com.testcase.TestLogger	[main]	This is Debug
INFO	2018-02-11 11:56:00,680	2	com.testcase.TestLogger	[main]	This is info
WARN	2018-02-11 11:56:00,680	2	com.testcase.TestLogger	[main]	This is warning
ERROR	2018-02-11 11:56:00,680	2	com.testcase.TestLogger	[main]	This is Error
FATAL	2018-02-11 11:56:00,680	2	com.testcase.TestLogger	[main]	This is Fatal
DEBUG	2018-02-11 11:56:04,000	0	com.testcase.TestLogger	[main]	This is Debug
INFO	2018-02-11 11:56:04,001	1	com.testcase.TestLogger	[main]	This is info
WARN	2018-02-11 11:56:04,001	1	com.testcase.TestLogger	[main]	This is warning
ERROR	2018-02-11 11:56:04,001	1	com.testcase.TestLogger	[main]	This is Error
FATAL	2018-02-11 11:56:04,001	1	com.testcase.TestLogger	[main]	This is Fatal
DEBUG	2018-02-11 11:56:07,256	0	com.testcase.TestLogger	[main]	This is Debug
INFO	2018-02-11 11:56:07,257	1	com.testcase.TestLogger	[main]	This is info
WARN	2018-02-11 11:56:07,257	1	com.testcase.TestLogger	[main]	This is warning
ERROR	2018-02-11 11:56:07,257	1	com.testcase.TestLogger	[main]	This is Error
FATAL	2018-02-11 11:56:07,258	2	com.testcase.TestLogger	[main]	This is Fatal
DEBUG	2018-02-11 11:56:20,686	0	com.testcase.TestLogger	[main]	This is Debug
INFO	2018-02-11 11:56:20,687	1	com.testcase.TestLogger	[main]	This is info
WARN	2018-02-11 11:56:20,688	2	com.testcase.TestLogger	[main]	This is warning
ERROR	2018-02-11 11:56:20,688	2	com.testcase.TestLogger	[main]	This is Error
FATAL	2018-02-11 11:56:20,688	2	com.testcase.TestLogger	[main]	This is Fatal
DEBUG	2018-02-11 12:01:46,601	465	com.testcase.TestLogger	[main]	This is Debug
INFO	2018-02-11 12:02:14,139	28003	com.testcase.TestLogger	[main]	This is info
WARN	2018-02-11 12:02:16,577	30441	com.testcase.TestLogger	[main]	This is warning
ERROR	2018-02-11 12:02:18,071	31935	com.testcase.TestLogger	[main]	This is Error
FATAL	2018-02-11 12:02:19,283	33147	com.testcase.TestLogger	[main]	This is Fatal
DEBUG	2018-02-11 12:07:31,646	0	com.testcase.TestLogger	[main]	This is Debug
INFO	2018-02-11 12:07:54,534	22888	com.testcase.TestLogger	[main]	This is info
WARN	2018-02-11 12:08:04,777	33131	com.testcase.TestLogger	[main]	This is warning
ERROR	2018-02-11 12:08:11,744	40098	com.testcase.TestLogger	[main]	This is Error
FATAL	2018-02-11 12:08:15,695	44049	com.testcase.TestLogger	[main]	This is Fatal
DEBUG	2018-02-11 12:10:41,241	0	com.testcase.TestLogger	[main]	This is Debug
INFO	2018-02-11 12:10:41,242	1	com.testcase.TestLogger	[main]	This is info
WARN	2018-02-11 12:10:41,242	1	com.testcase.TestLogger	[main]	This is warning
ERROR	2018-02-11 12:10:41,242	1	com.testcase.TestLogger	[main]	This is Error
FATAL	2018-02-11 12:10:41,242	1	com.testcase.TestLogger	[main]	This is Fatal
DEBUG	2018-02-11 12:10:49,043	1	com.testcase.TestLogger	[main]	This is Debug
INFO	2018-02-11 12:10:49,978	936	com.testcase.TestLogger	[main]	This is info
WARN	2018-02-11 12:10:50,825	1783	com.testcase.TestLogger	[main]	This is warning
ERROR	2018-02-11 12:10:51,702	2660	com.testcase.TestLogger	[main]	This is Error
FATAL	2018-02-11 12:10:52,922	3880	com.testcase.TestLogger	[main]	This is Fatal
DEBUG	2018-02-11 12:11:07,346	0	com.testcase.TestLogger	[main]	This is Debug
INFO	2018-02-11 12:11:07,347	1	com.testcase.TestLogger	[main]	This is info
WARN	2018-02-11 12:11:07,347	1	com.testcase.TestLogger	[main]	This is warning
ERROR	2018-02-11 12:11:07,347	1	com.testcase.TestLogger	[main]	This is Error
FATAL	2018-02-11 12:11:07,348	2	com.testcase.TestLogger	[main]	This is Fatal
DEBUG	2018-02-11 12:13:21,052	1	com.testcase.TestLogger	[main]	This is Debug
INFO	2018-02-11 12:13:32,892	11841	com.testcase.TestLogger	[main]	This is info
WARN	2018-02-11 12:13:35,460	14409	com.testcase.TestLogger	[main]	This is warning
ERROR	2018-02-11 12:13:36,389	15338	com.testcase.TestLogger	[main]	This is Error
FATAL	2018-02-11 12:13:37,537	16486	com.testcase.TestLogger	[main]	This is Fatal
DEBUG	2018-02-11 12:14:10,478	1	com.testcase.TestLogger	[main]	This is Debug
INFO	2018-02-11 12:14:16,117	5640	com.testcase.TestLogger	[main]	This is info
WARN	2018-02-11 12:14:21,382	10905	com.testcase.TestLogger	[main]	This is warning
ERROR	2018-02-11 12:14:25,503	15026	com.testcase.TestLogger	[main]	This is Error
FATAL	2018-02-11 12:14:29,836	19359	com.testcase.TestLogger	[main]	This is Fatal
DEBUG	2018-02-11 20:57:01,101	0	com.testcase.TestLogger	[main]	This is Debug
INFO	2018-02-11 20:57:01,115	14	com.testcase.TestLogger	[main]	This is info
WARN	2018-02-11 20:57:01,115	14	com.testcase.TestLogger	[main]	This is warning
ERROR	2018-02-11 20:57:01,115	14	com.testcase.TestLogger	[main]	This is Error
FATAL	2018-02-11 20:57:01,116	15	com.testcase.TestLogger	[main]	This is Fatal
DEBUG	2018-02-11 21:52:28,864	0	com.testcase.TestLogger	[main]	This is Debug
INFO	2018-02-11 21:52:28,878	14	com.testcase.TestLogger	[main]	This is info
WARN	2018-02-11 21:52:28,878	14	com.testcase.TestLogger	[main]	This is warning
ERROR	2018-02-11 21:52:28,878	14	com.testcase.TestLogger	[main]	This is Error
FATAL	2018-02-11 21:52:28,878	14	com.testcase.TestLogger	[main]	This is Fatal
DEBUG	2018-02-11 21:53:05,432	0	com.testcase.TestLogger	[main]	This is Debug
INFO	2018-02-11 21:53:05,433	1	com.testcase.TestLogger	[main]	This is info
WARN	2018-02-11 21:53:05,433	1	com.testcase.TestLogger	[main]	This is warning
ERROR	2018-02-11 21:53:05,433	1	com.testcase.TestLogger	[main]	This is Error
FATAL	2018-02-11 21:53:05,433	1	com.testcase.TestLogger	[main]	This is Fatal
